<?xml version="1.0" encoding="UTF-8"?>
<!-- Generated by org.testng.reporters.JUnitReportReporter -->
<testsuite hostname="USE2DEVP0044" failures="0" tests="3" name="librariesInstalling.DataProviderExampleTest" time="0.019" errors="0" timestamp="25 Aug 2020 08:29:36 GMT" skipped="0">
  <testcase classname="librariesInstalling.DataProviderExampleTest" name="setData" time="0.002"/>
  <testcase classname="librariesInstalling.DataProviderExampleTest" name="setData" time="0.012"/>
  <testcase classname="librariesInstalling.DataProviderExampleTest" name="setData" time="0.005"/>
</testsuite> <!-- librariesInstalling.DataProviderExampleTest -->
