<?xml version="1.0" encoding="UTF-8"?>
<!-- Generated by org.testng.reporters.JUnitReportReporter -->
<testsuite hostname="USE2DEVP0044" failures="0" tests="2" name="LibrariesInstalling.CrossBrowserTesting" time="19.307" errors="0" timestamp="25 Aug 2020 05:49:53 GMT" skipped="0">
  <testcase classname="LibrariesInstalling.CrossBrowserTesting" name="testAmazon" time="9.544"/>
  <testcase classname="LibrariesInstalling.CrossBrowserTesting" name="testAmazon" time="9.763"/>
</testsuite> <!-- LibrariesInstalling.CrossBrowserTesting -->
