<?xml version="1.0" encoding="UTF-8"?>
<!-- Generated by org.testng.reporters.JUnitReportReporter -->
<testsuite hostname="USE2DEVP0044" failures="0" tests="2" name="librariesInstalling.TestDDT" time="20.751" errors="0" timestamp="25 Aug 2020 08:41:44 GMT" skipped="0">
  <testcase classname="librariesInstalling.TestDDT" name="TestChrome" time="10.653"/>
  <testcase classname="librariesInstalling.TestDDT" name="TestChrome" time="10.098"/>
</testsuite> <!-- librariesInstalling.TestDDT -->
